[  0%] Built target orb_slam2_ros_generate_messages_nodejs
[  0%] Built target std_msgs_generate_messages_nodejs
[  0%] Built target visualization_msgs_generate_messages_nodejs
[  5%] Built target frontier_detector_area
[  5%] Built target dynamic_reconfigure_gencfg
[  5%] Built target octomap_msgs_generate_messages_py
[  5%] Built target orb_slam2_ros_generate_messages_py
[  5%] Built target octomap_msgs_generate_messages_cpp
[  5%] Built target geometry_msgs_generate_messages_nodejs
[  5%] Built target visualization_msgs_generate_messages_py
[  5%] Built target std_msgs_generate_messages_py
[  7%] Built target frontier_detector_gencfg
[  7%] Built target geometry_msgs_generate_messages_eus
[  7%] Built target tf_generate_messages_nodejs
[  7%] Built target _frontier_detector_generate_messages_check_deps_iou
[  7%] Built target orb_slam2_ros_gencfg
[  7%] Built target octomap_msgs_generate_messages_lisp
[  7%] Built target octomap_msgs_generate_messages_nodejs
[  7%] Built target octomap_msgs_generate_messages_eus
[  7%] Built target geometry_msgs_generate_messages_py
[  7%] Built target std_msgs_generate_messages_cpp
[  7%] Built target orb_slam2_ros_generate_messages_eus
[  7%] Built target std_msgs_generate_messages_eus
[  7%] Built target rosgraph_msgs_generate_messages_lisp
[  7%] Built target dynamic_reconfigure_generate_messages_lisp
[  7%] Built target dynamic_reconfigure_generate_messages_cpp
[  7%] Built target roscpp_generate_messages_lisp
[  7%] Built target std_msgs_generate_messages_lisp
[  7%] Built target tf_generate_messages_eus
[  7%] Built target actionlib_msgs_generate_messages_eus
[  7%] Built target actionlib_generate_messages_lisp
[  7%] Built target roscpp_generate_messages_py
[  7%] Built target orb_slam2_ros_generate_messages_lisp
[  7%] Built target orb_slam2_ros_generate_messages_cpp
[  7%] Built target rosgraph_msgs_generate_messages_nodejs
[  7%] Built target _frontier_detector_generate_messages_check_deps_PointArray
[  7%] Built target tf2_msgs_generate_messages_cpp
[  7%] Built target roscpp_generate_messages_cpp
[  7%] Built target visualization_msgs_generate_messages_lisp
[  7%] Built target geometry_msgs_generate_messages_lisp
[  7%] Built target tf2_msgs_generate_messages_py
[  7%] Built target rosgraph_msgs_generate_messages_eus
[  7%] Built target roscpp_generate_messages_nodejs
[  7%] Built target dynamic_reconfigure_generate_messages_py
[  7%] Built target roscpp_generate_messages_eus
[  7%] Built target actionlib_generate_messages_cpp
[  7%] Built target rosgraph_msgs_generate_messages_py
[  7%] Built target tf_generate_messages_cpp
[  7%] Built target dynamic_reconfigure_generate_messages_eus
[  7%] Built target actionlib_msgs_generate_messages_py
[  7%] Built target dynamic_reconfigure_generate_messages_nodejs
[  7%] Built target rosgraph_msgs_generate_messages_cpp
[  7%] Built target tf_generate_messages_lisp
[  7%] Built target sensor_msgs_generate_messages_cpp
[  7%] Built target nav_msgs_generate_messages_nodejs
[  7%] Built target sensor_msgs_generate_messages_nodejs
[  7%] Built target nav_msgs_generate_messages_py
[  7%] Built target visualization_msgs_generate_messages_eus
[  7%] Built target nav_msgs_generate_messages_cpp
[  7%] Built target geometry_msgs_generate_messages_cpp
[  7%] Built target tf2_msgs_generate_messages_eus
[  7%] Built target sensor_msgs_generate_messages_py
[  7%] Built target sensor_msgs_generate_messages_eus
[  7%] Built target actionlib_msgs_generate_messages_cpp
[  7%] Built target nav_msgs_generate_messages_lisp
[  7%] Built target actionlib_generate_messages_py
[  7%] Built target actionlib_msgs_generate_messages_nodejs
[  7%] Built target tf2_msgs_generate_messages_nodejs
[  7%] Built target actionlib_generate_messages_eus
[  7%] Built target sensor_msgs_generate_messages_lisp
[ 17%] Built target frontier_detector_local_rrt
[ 17%] Built target tf2_msgs_generate_messages_lisp
[ 17%] Built target actionlib_generate_messages_nodejs
[ 17%] Built target visualization_msgs_generate_messages_cpp
[ 17%] Built target nav_msgs_generate_messages_eus
[35m[1mScanning dependencies of target frontier_detector_iou[0m
[ 28%] Built target frontier_detector_local_rrt_iou
[ 35%] Built target frontier_detector_generate_messages_py
[ 43%] Built target frontier_detector_generate_messages_eus
[ 48%] Built target frontier_detector_generate_messages_cpp
[ 53%] Built target frontier_detector_generate_messages_lisp
[ 58%] Built target frontier_detector_mapMerger
[ 58%] Built target actionlib_msgs_generate_messages_lisp
[ 69%] Built target frontier_detector_global_rrt
[ 71%] [32mBuilding CXX object CMakeFiles/frontier_detector_iou.dir/src/compute_iou.cpp.o[0m
[ 76%] Built target frontier_detector_generate_messages_nodejs
[ 87%] Built target frontier_detector_global_rrt_iou
[ 87%] Built target tf_generate_messages_py
[ 87%] Built target frontier_detector_generate_messages
[ 92%] Built target frontier_detector_octomapper
[ 97%] Built target frontier_detector_gridmapper
[100%] [32m[1mLinking CXX executable /home/usr/data/ExplOrbSLAM_working/devel/.private/frontier_detector/lib/frontier_detector/frontier_detector_iou[0m
[100%] Built target frontier_detector_iou
