[  0%] Built target visualization_msgs_generate_messages_nodejs
[  2%] Built target frontier_detector_gencfg
[  2%] Built target geometry_msgs_generate_messages_py
[  2%] Built target std_msgs_generate_messages_py
[  2%] Built target geometry_msgs_generate_messages_nodejs
[  2%] Built target orb_slam2_ros_generate_messages_eus
[  2%] Built target std_msgs_generate_messages_nodejs
[  2%] Built target dynamic_reconfigure_generate_messages_cpp
[  2%] Built target orb_slam2_ros_generate_messages_nodejs
[  2%] Built target orb_slam2_ros_generate_messages_py
[  2%] Built target orb_slam2_ros_gencfg
[  2%] Built target octomap_msgs_generate_messages_lisp
[  2%] Built target dynamic_reconfigure_gencfg
[  2%] Built target octomap_msgs_generate_messages_py
[  7%] Built target frontier_detector_area
[  7%] Built target octomap_msgs_generate_messages_nodejs
[  7%] Built target octomap_msgs_generate_messages_eus
[  7%] Built target octomap_msgs_generate_messages_cpp
[  7%] Built target geometry_msgs_generate_messages_eus
[  7%] Built target std_msgs_generate_messages_cpp
[  7%] Built target tf_generate_messages_nodejs
[  7%] Built target tf2_msgs_generate_messages_cpp
[  7%] Built target dynamic_reconfigure_generate_messages_lisp
[  7%] Built target actionlib_generate_messages_lisp
[  7%] Built target std_msgs_generate_messages_eus
[  7%] Built target rosgraph_msgs_generate_messages_nodejs
[  7%] Built target visualization_msgs_generate_messages_py
[  7%] Built target std_msgs_generate_messages_lisp
[  7%] Built target roscpp_generate_messages_lisp
[  7%] Built target actionlib_msgs_generate_messages_py
[  7%] Built target actionlib_generate_messages_cpp
[  7%] Built target _frontier_detector_generate_messages_check_deps_iou
[  7%] Built target tf_generate_messages_eus
[  7%] Built target actionlib_msgs_generate_messages_eus
[  7%] Built target dynamic_reconfigure_generate_messages_py
[  7%] Built target rosgraph_msgs_generate_messages_py
[  7%] Built target orb_slam2_ros_generate_messages_cpp
[  7%] Built target _frontier_detector_generate_messages_check_deps_PointArray
[  7%] Built target rosgraph_msgs_generate_messages_lisp
[  7%] Built target roscpp_generate_messages_cpp
[  7%] Built target roscpp_generate_messages_py
[  7%] Built target orb_slam2_ros_generate_messages_lisp
[  7%] Built target dynamic_reconfigure_generate_messages_eus
[  7%] Built target geometry_msgs_generate_messages_cpp
[  7%] Built target roscpp_generate_messages_eus
[  7%] Built target visualization_msgs_generate_messages_lisp
[  7%] Built target geometry_msgs_generate_messages_lisp
[  7%] Built target dynamic_reconfigure_generate_messages_nodejs
[  7%] Built target tf_generate_messages_cpp
[  7%] Built target tf2_msgs_generate_messages_py
[  7%] Built target roscpp_generate_messages_nodejs
[  7%] Built target rosgraph_msgs_generate_messages_eus
[  7%] Built target visualization_msgs_generate_messages_eus
[  7%] Built target nav_msgs_generate_messages_cpp
[  7%] Built target tf2_msgs_generate_messages_eus
[  7%] Built target sensor_msgs_generate_messages_py
[ 12%] Built target frontier_detector_generate_messages_cpp
[ 12%] Built target nav_msgs_generate_messages_py
[ 12%] Built target rosgraph_msgs_generate_messages_cpp
[ 12%] Built target sensor_msgs_generate_messages_cpp
[ 12%] Built target tf_generate_messages_lisp
[ 12%] Built target nav_msgs_generate_messages_nodejs
[ 12%] Built target actionlib_msgs_generate_messages_cpp
[ 12%] Built target visualization_msgs_generate_messages_cpp
[ 12%] Built target sensor_msgs_generate_messages_nodejs
[ 12%] Built target sensor_msgs_generate_messages_eus
[ 12%] Built target actionlib_generate_messages_py
[ 12%] Built target actionlib_msgs_generate_messages_nodejs
[ 12%] Built target actionlib_generate_messages_eus
[ 12%] Built target actionlib_msgs_generate_messages_lisp
[ 12%] Built target sensor_msgs_generate_messages_lisp
[ 12%] Built target actionlib_generate_messages_nodejs
[ 12%] Built target tf_generate_messages_py
[ 12%] Built target tf2_msgs_generate_messages_nodejs
[ 12%] Built target nav_msgs_generate_messages_eus
[ 12%] Built target tf2_msgs_generate_messages_lisp
[ 12%] Built target nav_msgs_generate_messages_lisp
[ 17%] Built target frontier_detector_iou
[ 28%] Built target frontier_detector_local_rrt
[ 35%] Built target frontier_detector_generate_messages_py
[ 41%] Built target frontier_detector_generate_messages_nodejs
[ 46%] Built target frontier_detector_mapMerger
[ 56%] Built target frontier_detector_local_rrt_iou
[ 66%] Built target frontier_detector_global_rrt_iou
[ 76%] Built target frontier_detector_global_rrt
[ 87%] Built target frontier_detector_generate_messages_lisp
[ 89%] Built target frontier_detector_generate_messages_eus
[ 89%] Built target frontier_detector_generate_messages
[100%] Built target frontier_detector_gridmapper
[100%] Built target frontier_detector_octomapper
