Linked: (/home/usr/data/ExplOrbSLAM_working/devel/.private/frontier_detector/share/frontier_detector/cmake/frontier_detector-msg-extras.cmake, /home/usr/data/ExplOrbSLAM_working/devel/share/frontier_detector/cmake/frontier_detector-msg-extras.cmake)
Linked: (/home/usr/data/ExplOrbSLAM_working/devel/.private/frontier_detector/share/frontier_detector/cmake/frontier_detectorConfig-version.cmake, /home/usr/data/ExplOrbSLAM_working/devel/share/frontier_detector/cmake/frontier_detectorConfig-version.cmake)
Linked: (/home/usr/data/ExplOrbSLAM_working/devel/.private/frontier_detector/share/frontier_detector/cmake/frontier_detector-msg-paths.cmake, /home/usr/data/ExplOrbSLAM_working/devel/share/frontier_detector/cmake/frontier_detector-msg-paths.cmake)
Linked: (/home/usr/data/ExplOrbSLAM_working/devel/.private/frontier_detector/share/frontier_detector/cmake/frontier_detectorConfig.cmake, /home/usr/data/ExplOrbSLAM_working/devel/share/frontier_detector/cmake/frontier_detectorConfig.cmake)
Linked: (/home/usr/data/ExplOrbSLAM_working/devel/.private/frontier_detector/share/frontier_detector/docs/informationGainConfig.dox, /home/usr/data/ExplOrbSLAM_working/devel/share/frontier_detector/docs/informationGainConfig.dox)
Linked: (/home/usr/data/ExplOrbSLAM_working/devel/.private/frontier_detector/share/frontier_detector/docs/informationGainConfig.wikidoc, /home/usr/data/ExplOrbSLAM_working/devel/share/frontier_detector/docs/informationGainConfig.wikidoc)
Linked: (/home/usr/data/ExplOrbSLAM_working/devel/.private/frontier_detector/share/frontier_detector/docs/informationGainConfig-usage.dox, /home/usr/data/ExplOrbSLAM_working/devel/share/frontier_detector/docs/informationGainConfig-usage.dox)
Linked: (/home/usr/data/ExplOrbSLAM_working/devel/.private/frontier_detector/share/roseus/ros/frontier_detector/manifest.l, /home/usr/data/ExplOrbSLAM_working/devel/share/roseus/ros/frontier_detector/manifest.l)
Linked: (/home/usr/data/ExplOrbSLAM_working/devel/.private/frontier_detector/share/roseus/ros/frontier_detector/msg/PointArray.l, /home/usr/data/ExplOrbSLAM_working/devel/share/roseus/ros/frontier_detector/msg/PointArray.l)
Linked: (/home/usr/data/ExplOrbSLAM_working/devel/.private/frontier_detector/share/roseus/ros/frontier_detector/msg/iou.l, /home/usr/data/ExplOrbSLAM_working/devel/share/roseus/ros/frontier_detector/msg/iou.l)
Linked: (/home/usr/data/ExplOrbSLAM_working/devel/.private/frontier_detector/share/common-lisp/ros/frontier_detector/msg/_package_PointArray.lisp, /home/usr/data/ExplOrbSLAM_working/devel/share/common-lisp/ros/frontier_detector/msg/_package_PointArray.lisp)
Linked: (/home/usr/data/ExplOrbSLAM_working/devel/.private/frontier_detector/share/common-lisp/ros/frontier_detector/msg/_package.lisp, /home/usr/data/ExplOrbSLAM_working/devel/share/common-lisp/ros/frontier_detector/msg/_package.lisp)
Linked: (/home/usr/data/ExplOrbSLAM_working/devel/.private/frontier_detector/share/common-lisp/ros/frontier_detector/msg/PointArray.lisp, /home/usr/data/ExplOrbSLAM_working/devel/share/common-lisp/ros/frontier_detector/msg/PointArray.lisp)
Linked: (/home/usr/data/ExplOrbSLAM_working/devel/.private/frontier_detector/share/common-lisp/ros/frontier_detector/msg/frontier_detector-msg.asd, /home/usr/data/ExplOrbSLAM_working/devel/share/common-lisp/ros/frontier_detector/msg/frontier_detector-msg.asd)
Linked: (/home/usr/data/ExplOrbSLAM_working/devel/.private/frontier_detector/share/common-lisp/ros/frontier_detector/msg/_package_iou.lisp, /home/usr/data/ExplOrbSLAM_working/devel/share/common-lisp/ros/frontier_detector/msg/_package_iou.lisp)
Linked: (/home/usr/data/ExplOrbSLAM_working/devel/.private/frontier_detector/share/common-lisp/ros/frontier_detector/msg/iou.lisp, /home/usr/data/ExplOrbSLAM_working/devel/share/common-lisp/ros/frontier_detector/msg/iou.lisp)
Linked: (/home/usr/data/ExplOrbSLAM_working/devel/.private/frontier_detector/share/gennodejs/ros/frontier_detector/_index.js, /home/usr/data/ExplOrbSLAM_working/devel/share/gennodejs/ros/frontier_detector/_index.js)
Linked: (/home/usr/data/ExplOrbSLAM_working/devel/.private/frontier_detector/share/gennodejs/ros/frontier_detector/msg/_index.js, /home/usr/data/ExplOrbSLAM_working/devel/share/gennodejs/ros/frontier_detector/msg/_index.js)
Linked: (/home/usr/data/ExplOrbSLAM_working/devel/.private/frontier_detector/share/gennodejs/ros/frontier_detector/msg/iou.js, /home/usr/data/ExplOrbSLAM_working/devel/share/gennodejs/ros/frontier_detector/msg/iou.js)
Linked: (/home/usr/data/ExplOrbSLAM_working/devel/.private/frontier_detector/share/gennodejs/ros/frontier_detector/msg/PointArray.js, /home/usr/data/ExplOrbSLAM_working/devel/share/gennodejs/ros/frontier_detector/msg/PointArray.js)
Linked: (/home/usr/data/ExplOrbSLAM_working/devel/.private/frontier_detector/include/frontier_detector/PointArray.h, /home/usr/data/ExplOrbSLAM_working/devel/include/frontier_detector/PointArray.h)
Linked: (/home/usr/data/ExplOrbSLAM_working/devel/.private/frontier_detector/include/frontier_detector/informationGainConfig.h, /home/usr/data/ExplOrbSLAM_working/devel/include/frontier_detector/informationGainConfig.h)
Linked: (/home/usr/data/ExplOrbSLAM_working/devel/.private/frontier_detector/include/frontier_detector/iou.h, /home/usr/data/ExplOrbSLAM_working/devel/include/frontier_detector/iou.h)
Linked: (/home/usr/data/ExplOrbSLAM_working/devel/.private/frontier_detector/lib/pkgconfig/frontier_detector.pc, /home/usr/data/ExplOrbSLAM_working/devel/lib/pkgconfig/frontier_detector.pc)
Linked: (/home/usr/data/ExplOrbSLAM_working/devel/.private/frontier_detector/lib/python3/dist-packages/frontier_detector/__init__.py, /home/usr/data/ExplOrbSLAM_working/devel/lib/python3/dist-packages/frontier_detector/__init__.py)
Linked: (/home/usr/data/ExplOrbSLAM_working/devel/.private/frontier_detector/lib/python3/dist-packages/frontier_detector/cfg/informationGainConfig.py, /home/usr/data/ExplOrbSLAM_working/devel/lib/python3/dist-packages/frontier_detector/cfg/informationGainConfig.py)
Linked: (/home/usr/data/ExplOrbSLAM_working/devel/.private/frontier_detector/lib/python3/dist-packages/frontier_detector/cfg/__init__.py, /home/usr/data/ExplOrbSLAM_working/devel/lib/python3/dist-packages/frontier_detector/cfg/__init__.py)
Linked: (/home/usr/data/ExplOrbSLAM_working/devel/.private/frontier_detector/lib/python3/dist-packages/frontier_detector/msg/_PointArray.py, /home/usr/data/ExplOrbSLAM_working/devel/lib/python3/dist-packages/frontier_detector/msg/_PointArray.py)
Linked: (/home/usr/data/ExplOrbSLAM_working/devel/.private/frontier_detector/lib/python3/dist-packages/frontier_detector/msg/__init__.py, /home/usr/data/ExplOrbSLAM_working/devel/lib/python3/dist-packages/frontier_detector/msg/__init__.py)
Linked: (/home/usr/data/ExplOrbSLAM_working/devel/.private/frontier_detector/lib/python3/dist-packages/frontier_detector/msg/_iou.py, /home/usr/data/ExplOrbSLAM_working/devel/lib/python3/dist-packages/frontier_detector/msg/_iou.py)
Linked: (/home/usr/data/ExplOrbSLAM_working/devel/.private/frontier_detector/lib/frontier_detector/frontier_detector_gridmapper, /home/usr/data/ExplOrbSLAM_working/devel/lib/frontier_detector/frontier_detector_gridmapper)
Linked: (/home/usr/data/ExplOrbSLAM_working/devel/.private/frontier_detector/lib/frontier_detector/frontier_detector_iou, /home/usr/data/ExplOrbSLAM_working/devel/lib/frontier_detector/frontier_detector_iou)
Linked: (/home/usr/data/ExplOrbSLAM_working/devel/.private/frontier_detector/lib/frontier_detector/frontier_detector_area, /home/usr/data/ExplOrbSLAM_working/devel/lib/frontier_detector/frontier_detector_area)
Linked: (/home/usr/data/ExplOrbSLAM_working/devel/.private/frontier_detector/lib/frontier_detector/frontier_detector_octomapper, /home/usr/data/ExplOrbSLAM_working/devel/lib/frontier_detector/frontier_detector_octomapper)
Linked: (/home/usr/data/ExplOrbSLAM_working/devel/.private/frontier_detector/lib/frontier_detector/frontier_detector_local_rrt_iou, /home/usr/data/ExplOrbSLAM_working/devel/lib/frontier_detector/frontier_detector_local_rrt_iou)
Linked: (/home/usr/data/ExplOrbSLAM_working/devel/.private/frontier_detector/lib/frontier_detector/frontier_detector_mapMerger, /home/usr/data/ExplOrbSLAM_working/devel/lib/frontier_detector/frontier_detector_mapMerger)
Linked: (/home/usr/data/ExplOrbSLAM_working/devel/.private/frontier_detector/lib/frontier_detector/frontier_detector_local_rrt, /home/usr/data/ExplOrbSLAM_working/devel/lib/frontier_detector/frontier_detector_local_rrt)
Linked: (/home/usr/data/ExplOrbSLAM_working/devel/.private/frontier_detector/lib/frontier_detector/frontier_detector_global_rrt, /home/usr/data/ExplOrbSLAM_working/devel/lib/frontier_detector/frontier_detector_global_rrt)
Linked: (/home/usr/data/ExplOrbSLAM_working/devel/.private/frontier_detector/lib/frontier_detector/frontier_detector_global_rrt_iou, /home/usr/data/ExplOrbSLAM_working/devel/lib/frontier_detector/frontier_detector_global_rrt_iou)
