[  2%] Built target visualization_msgs_generate_messages_nodejs
[  2%] Built target frontier_detector_gencfg
[  2%] Built target std_msgs_generate_messages_py
[  2%] Built target std_msgs_generate_messages_nodejs
[  2%] Built target geometry_msgs_generate_messages_py
[  2%] Built target geometry_msgs_generate_messages_nodejs
[  2%] Built target orb_slam2_ros_generate_messages_py
[  7%] Built target frontier_detector_area
[  7%] Built target orb_slam2_ros_generate_messages_eus
[  7%] Built target octomap_msgs_generate_messages_lisp
[  7%] Built target orb_slam2_ros_gencfg
[  7%] Built target octomap_msgs_generate_messages_nodejs
[  7%] Built target octomap_msgs_generate_messages_eus
[  7%] Built target octomap_msgs_generate_messages_py
[  7%] Built target octomap_msgs_generate_messages_cpp
[  7%] Built target dynamic_reconfigure_gencfg
[  7%] Built target orb_slam2_ros_generate_messages_nodejs
[  7%] Built target visualization_msgs_generate_messages_py
[  7%] Built target dynamic_reconfigure_generate_messages_cpp
[  7%] Built target geometry_msgs_generate_messages_eus
[  7%] Built target tf_generate_messages_nodejs
[  7%] Built target rosgraph_msgs_generate_messages_nodejs
[  7%] Built target std_msgs_generate_messages_eus
[  7%] Built target actionlib_generate_messages_cpp
[  7%] Built target dynamic_reconfigure_generate_messages_lisp
[  7%] Built target tf_generate_messages_eus
[  7%] Built target std_msgs_generate_messages_cpp
[  7%] Built target std_msgs_generate_messages_lisp
[  7%] Built target actionlib_msgs_generate_messages_py
[  7%] Built target actionlib_generate_messages_lisp
[  7%] Built target tf2_msgs_generate_messages_cpp
[  7%] Built target roscpp_generate_messages_lisp
[  7%] Built target dynamic_reconfigure_generate_messages_py
[  7%] Built target _frontier_detector_generate_messages_check_deps_PointArray
[  7%] Built target _frontier_detector_generate_messages_check_deps_iou
[  7%] Built target rosgraph_msgs_generate_messages_lisp
[  7%] Built target orb_slam2_ros_generate_messages_cpp
[  7%] Built target actionlib_msgs_generate_messages_eus
[  7%] Built target rosgraph_msgs_generate_messages_py
[  7%] Built target roscpp_generate_messages_py
[  7%] Built target orb_slam2_ros_generate_messages_lisp
[  7%] Built target roscpp_generate_messages_cpp
[  7%] Built target visualization_msgs_generate_messages_lisp
[  7%] Built target roscpp_generate_messages_eus
[  7%] Built target dynamic_reconfigure_generate_messages_nodejs
[  7%] Built target geometry_msgs_generate_messages_cpp
[  7%] Built target visualization_msgs_generate_messages_eus
[  7%] Built target tf_generate_messages_cpp
[  7%] Built target tf2_msgs_generate_messages_py
[  7%] Built target nav_msgs_generate_messages_cpp
[  7%] Built target roscpp_generate_messages_nodejs
[  7%] Built target rosgraph_msgs_generate_messages_eus
[  7%] Built target geometry_msgs_generate_messages_lisp
[  7%] Built target tf2_msgs_generate_messages_eus
[  7%] Built target dynamic_reconfigure_generate_messages_eus
[  7%] Built target tf_generate_messages_lisp
[  7%] Built target sensor_msgs_generate_messages_py
[  7%] Built target nav_msgs_generate_messages_nodejs
[  7%] Built target nav_msgs_generate_messages_py
[  7%] Built target sensor_msgs_generate_messages_cpp
[  7%] Built target sensor_msgs_generate_messages_nodejs
[  7%] Built target rosgraph_msgs_generate_messages_cpp
[  7%] Built target actionlib_msgs_generate_messages_cpp
[35m[1mScanning dependencies of target frontier_detector_mapMerger[0m
[  7%] Built target sensor_msgs_generate_messages_lisp
[  7%] Built target actionlib_generate_messages_eus
[  7%] Built target sensor_msgs_generate_messages_eus
[  7%] Built target tf2_msgs_generate_messages_lisp
[  7%] Built target actionlib_generate_messages_nodejs
[  7%] Built target actionlib_generate_messages_py
[  7%] Built target actionlib_msgs_generate_messages_lisp
[  7%] Built target visualization_msgs_generate_messages_cpp
[  7%] Built target tf_generate_messages_py
[  7%] Built target nav_msgs_generate_messages_eus
[  7%] Built target tf2_msgs_generate_messages_nodejs
[  7%] Built target actionlib_msgs_generate_messages_nodejs
[ 17%] Built target frontier_detector_global_rrt
[ 17%] Built target nav_msgs_generate_messages_lisp
[ 23%] Built target frontier_detector_iou
[ 33%] Built target frontier_detector_local_rrt
[ 35%] [32mBuilding CXX object CMakeFiles/frontier_detector_mapMerger.dir/src/map_merger.cpp.o[0m
[ 43%] Built target frontier_detector_generate_messages_py
[ 48%] Built target frontier_detector_generate_messages_nodejs
[ 56%] Built target frontier_detector_generate_messages_eus
[ 66%] Built target frontier_detector_local_rrt_iou
[ 76%] Built target frontier_detector_global_rrt_iou
[ 82%] Built target frontier_detector_generate_messages_cpp
[ 87%] Built target frontier_detector_generate_messages_lisp
[ 87%] Built target frontier_detector_generate_messages
[ 92%] Built target frontier_detector_octomapper
[ 97%] Built target frontier_detector_gridmapper
[100%] [32m[1mLinking CXX executable /home/usr/data/ExplOrbSLAM_working/devel/.private/frontier_detector/lib/frontier_detector/frontier_detector_mapMerger[0m
[100%] Built target frontier_detector_mapMerger
