[  0%] Built target actionlib_msgs_generate_messages_lisp
[  0%] Built target actionlib_msgs_generate_messages_py
[  0%] Built target geometry_msgs_generate_messages_py
[  0%] Built target geometry_msgs_generate_messages_lisp
[  0%] Built target geometry_msgs_generate_messages_eus
[  0%] Built target actionlib_msgs_generate_messages_eus
[  0%] Built target actionlib_msgs_generate_messages_nodejs
[  0%] Built target geometry_msgs_generate_messages_nodejs
[  0%] Built target _hector_moveit_actions_generate_messages_check_deps_ExecuteDroneTrajectoryActionGoal
[  0%] Built target _hector_moveit_actions_generate_messages_check_deps_ExecuteDroneTrajectoryResult
[  0%] Built target geometry_msgs_generate_messages_cpp
[  0%] Built target actionlib_msgs_generate_messages_cpp
[  0%] Built target _hector_moveit_actions_generate_messages_check_deps_ExecuteDroneTrajectoryActionResult
[  0%] Built target _hector_moveit_actions_generate_messages_check_deps_ExecuteDroneTrajectoryAction
[  0%] Built target _hector_moveit_actions_generate_messages_check_deps_ExecuteDroneTrajectoryActionFeedback
[  0%] Built target _hector_moveit_actions_generate_messages_check_deps_ExecuteDroneTrajectoryGoal
[  0%] Built target _hector_moveit_actions_generate_messages_check_deps_ExecuteDroneTrajectoryFeedback
[ 20%] Built target hector_moveit_actions_generate_messages_py
[ 51%] Built target hector_moveit_actions_generate_messages_cpp
[ 58%] Built target hector_moveit_actions_generate_messages_eus
[ 76%] Built target hector_moveit_actions_generate_messages_lisp
[ 94%] Built target hector_moveit_actions_generate_messages_nodejs
[ 94%] Built target hector_moveit_actions_generate_messages
[100%] Built target trajectory_controller
