Linked: (/home/usr/data/ExplOrbSLAM_working/devel/.private/hector_moveit_actions/share/hector_moveit_actions/cmake/hector_moveit_actions-msg-extras.cmake, /home/usr/data/ExplOrbSLAM_working/devel/share/hector_moveit_actions/cmake/hector_moveit_actions-msg-extras.cmake)
Linked: (/home/usr/data/ExplOrbSLAM_working/devel/.private/hector_moveit_actions/share/hector_moveit_actions/cmake/hector_moveit_actionsConfig-version.cmake, /home/usr/data/ExplOrbSLAM_working/devel/share/hector_moveit_actions/cmake/hector_moveit_actionsConfig-version.cmake)
Linked: (/home/usr/data/ExplOrbSLAM_working/devel/.private/hector_moveit_actions/share/hector_moveit_actions/cmake/hector_moveit_actions-msg-paths.cmake, /home/usr/data/ExplOrbSLAM_working/devel/share/hector_moveit_actions/cmake/hector_moveit_actions-msg-paths.cmake)
Linked: (/home/usr/data/ExplOrbSLAM_working/devel/.private/hector_moveit_actions/share/hector_moveit_actions/cmake/hector_moveit_actionsConfig.cmake, /home/usr/data/ExplOrbSLAM_working/devel/share/hector_moveit_actions/cmake/hector_moveit_actionsConfig.cmake)
Linked: (/home/usr/data/ExplOrbSLAM_working/devel/.private/hector_moveit_actions/share/hector_moveit_actions/msg/ExecuteDroneTrajectoryActionFeedback.msg, /home/usr/data/ExplOrbSLAM_working/devel/share/hector_moveit_actions/msg/ExecuteDroneTrajectoryActionFeedback.msg)
Linked: (/home/usr/data/ExplOrbSLAM_working/devel/.private/hector_moveit_actions/share/hector_moveit_actions/msg/ExecuteDroneTrajectoryActionGoal.msg, /home/usr/data/ExplOrbSLAM_working/devel/share/hector_moveit_actions/msg/ExecuteDroneTrajectoryActionGoal.msg)
Linked: (/home/usr/data/ExplOrbSLAM_working/devel/.private/hector_moveit_actions/share/hector_moveit_actions/msg/ExecuteDroneTrajectoryResult.msg, /home/usr/data/ExplOrbSLAM_working/devel/share/hector_moveit_actions/msg/ExecuteDroneTrajectoryResult.msg)
Linked: (/home/usr/data/ExplOrbSLAM_working/devel/.private/hector_moveit_actions/share/hector_moveit_actions/msg/ExecuteDroneTrajectoryFeedback.msg, /home/usr/data/ExplOrbSLAM_working/devel/share/hector_moveit_actions/msg/ExecuteDroneTrajectoryFeedback.msg)
Linked: (/home/usr/data/ExplOrbSLAM_working/devel/.private/hector_moveit_actions/share/hector_moveit_actions/msg/ExecuteDroneTrajectoryAction.msg, /home/usr/data/ExplOrbSLAM_working/devel/share/hector_moveit_actions/msg/ExecuteDroneTrajectoryAction.msg)
Linked: (/home/usr/data/ExplOrbSLAM_working/devel/.private/hector_moveit_actions/share/hector_moveit_actions/msg/ExecuteDroneTrajectoryActionResult.msg, /home/usr/data/ExplOrbSLAM_working/devel/share/hector_moveit_actions/msg/ExecuteDroneTrajectoryActionResult.msg)
Linked: (/home/usr/data/ExplOrbSLAM_working/devel/.private/hector_moveit_actions/share/hector_moveit_actions/msg/ExecuteDroneTrajectoryGoal.msg, /home/usr/data/ExplOrbSLAM_working/devel/share/hector_moveit_actions/msg/ExecuteDroneTrajectoryGoal.msg)
Linked: (/home/usr/data/ExplOrbSLAM_working/devel/.private/hector_moveit_actions/share/roseus/ros/hector_moveit_actions/manifest.l, /home/usr/data/ExplOrbSLAM_working/devel/share/roseus/ros/hector_moveit_actions/manifest.l)
Linked: (/home/usr/data/ExplOrbSLAM_working/devel/.private/hector_moveit_actions/share/roseus/ros/hector_moveit_actions/msg/ExecuteDroneTrajectoryResult.l, /home/usr/data/ExplOrbSLAM_working/devel/share/roseus/ros/hector_moveit_actions/msg/ExecuteDroneTrajectoryResult.l)
Linked: (/home/usr/data/ExplOrbSLAM_working/devel/.private/hector_moveit_actions/share/roseus/ros/hector_moveit_actions/msg/ExecuteDroneTrajectoryActionResult.l, /home/usr/data/ExplOrbSLAM_working/devel/share/roseus/ros/hector_moveit_actions/msg/ExecuteDroneTrajectoryActionResult.l)
Linked: (/home/usr/data/ExplOrbSLAM_working/devel/.private/hector_moveit_actions/share/roseus/ros/hector_moveit_actions/msg/ExecuteDroneTrajectoryGoal.l, /home/usr/data/ExplOrbSLAM_working/devel/share/roseus/ros/hector_moveit_actions/msg/ExecuteDroneTrajectoryGoal.l)
Linked: (/home/usr/data/ExplOrbSLAM_working/devel/.private/hector_moveit_actions/share/roseus/ros/hector_moveit_actions/msg/ExecuteDroneTrajectoryActionGoal.l, /home/usr/data/ExplOrbSLAM_working/devel/share/roseus/ros/hector_moveit_actions/msg/ExecuteDroneTrajectoryActionGoal.l)
Linked: (/home/usr/data/ExplOrbSLAM_working/devel/.private/hector_moveit_actions/share/roseus/ros/hector_moveit_actions/msg/ExecuteDroneTrajectoryFeedback.l, /home/usr/data/ExplOrbSLAM_working/devel/share/roseus/ros/hector_moveit_actions/msg/ExecuteDroneTrajectoryFeedback.l)
Linked: (/home/usr/data/ExplOrbSLAM_working/devel/.private/hector_moveit_actions/share/roseus/ros/hector_moveit_actions/msg/ExecuteDroneTrajectoryActionFeedback.l, /home/usr/data/ExplOrbSLAM_working/devel/share/roseus/ros/hector_moveit_actions/msg/ExecuteDroneTrajectoryActionFeedback.l)
Linked: (/home/usr/data/ExplOrbSLAM_working/devel/.private/hector_moveit_actions/share/roseus/ros/hector_moveit_actions/msg/ExecuteDroneTrajectoryAction.l, /home/usr/data/ExplOrbSLAM_working/devel/share/roseus/ros/hector_moveit_actions/msg/ExecuteDroneTrajectoryAction.l)
Linked: (/home/usr/data/ExplOrbSLAM_working/devel/.private/hector_moveit_actions/share/common-lisp/ros/hector_moveit_actions/msg/_package_ExecuteDroneTrajectoryAction.lisp, /home/usr/data/ExplOrbSLAM_working/devel/share/common-lisp/ros/hector_moveit_actions/msg/_package_ExecuteDroneTrajectoryAction.lisp)
Linked: (/home/usr/data/ExplOrbSLAM_working/devel/.private/hector_moveit_actions/share/common-lisp/ros/hector_moveit_actions/msg/_package_ExecuteDroneTrajectoryActionResult.lisp, /home/usr/data/ExplOrbSLAM_working/devel/share/common-lisp/ros/hector_moveit_actions/msg/_package_ExecuteDroneTrajectoryActionResult.lisp)
Linked: (/home/usr/data/ExplOrbSLAM_working/devel/.private/hector_moveit_actions/share/common-lisp/ros/hector_moveit_actions/msg/ExecuteDroneTrajectoryFeedback.lisp, /home/usr/data/ExplOrbSLAM_working/devel/share/common-lisp/ros/hector_moveit_actions/msg/ExecuteDroneTrajectoryFeedback.lisp)
Linked: (/home/usr/data/ExplOrbSLAM_working/devel/.private/hector_moveit_actions/share/common-lisp/ros/hector_moveit_actions/msg/ExecuteDroneTrajectoryActionGoal.lisp, /home/usr/data/ExplOrbSLAM_working/devel/share/common-lisp/ros/hector_moveit_actions/msg/ExecuteDroneTrajectoryActionGoal.lisp)
Linked: (/home/usr/data/ExplOrbSLAM_working/devel/.private/hector_moveit_actions/share/common-lisp/ros/hector_moveit_actions/msg/ExecuteDroneTrajectoryActionFeedback.lisp, /home/usr/data/ExplOrbSLAM_working/devel/share/common-lisp/ros/hector_moveit_actions/msg/ExecuteDroneTrajectoryActionFeedback.lisp)
Linked: (/home/usr/data/ExplOrbSLAM_working/devel/.private/hector_moveit_actions/share/common-lisp/ros/hector_moveit_actions/msg/_package_ExecuteDroneTrajectoryActionFeedback.lisp, /home/usr/data/ExplOrbSLAM_working/devel/share/common-lisp/ros/hector_moveit_actions/msg/_package_ExecuteDroneTrajectoryActionFeedback.lisp)
Linked: (/home/usr/data/ExplOrbSLAM_working/devel/.private/hector_moveit_actions/share/common-lisp/ros/hector_moveit_actions/msg/_package_ExecuteDroneTrajectoryResult.lisp, /home/usr/data/ExplOrbSLAM_working/devel/share/common-lisp/ros/hector_moveit_actions/msg/_package_ExecuteDroneTrajectoryResult.lisp)
Linked: (/home/usr/data/ExplOrbSLAM_working/devel/.private/hector_moveit_actions/share/common-lisp/ros/hector_moveit_actions/msg/hector_moveit_actions-msg.asd, /home/usr/data/ExplOrbSLAM_working/devel/share/common-lisp/ros/hector_moveit_actions/msg/hector_moveit_actions-msg.asd)
Linked: (/home/usr/data/ExplOrbSLAM_working/devel/.private/hector_moveit_actions/share/common-lisp/ros/hector_moveit_actions/msg/_package.lisp, /home/usr/data/ExplOrbSLAM_working/devel/share/common-lisp/ros/hector_moveit_actions/msg/_package.lisp)
Linked: (/home/usr/data/ExplOrbSLAM_working/devel/.private/hector_moveit_actions/share/common-lisp/ros/hector_moveit_actions/msg/ExecuteDroneTrajectoryResult.lisp, /home/usr/data/ExplOrbSLAM_working/devel/share/common-lisp/ros/hector_moveit_actions/msg/ExecuteDroneTrajectoryResult.lisp)
Linked: (/home/usr/data/ExplOrbSLAM_working/devel/.private/hector_moveit_actions/share/common-lisp/ros/hector_moveit_actions/msg/_package_ExecuteDroneTrajectoryActionGoal.lisp, /home/usr/data/ExplOrbSLAM_working/devel/share/common-lisp/ros/hector_moveit_actions/msg/_package_ExecuteDroneTrajectoryActionGoal.lisp)
Linked: (/home/usr/data/ExplOrbSLAM_working/devel/.private/hector_moveit_actions/share/common-lisp/ros/hector_moveit_actions/msg/_package_ExecuteDroneTrajectoryFeedback.lisp, /home/usr/data/ExplOrbSLAM_working/devel/share/common-lisp/ros/hector_moveit_actions/msg/_package_ExecuteDroneTrajectoryFeedback.lisp)
Linked: (/home/usr/data/ExplOrbSLAM_working/devel/.private/hector_moveit_actions/share/common-lisp/ros/hector_moveit_actions/msg/_package_ExecuteDroneTrajectoryGoal.lisp, /home/usr/data/ExplOrbSLAM_working/devel/share/common-lisp/ros/hector_moveit_actions/msg/_package_ExecuteDroneTrajectoryGoal.lisp)
Linked: (/home/usr/data/ExplOrbSLAM_working/devel/.private/hector_moveit_actions/share/common-lisp/ros/hector_moveit_actions/msg/ExecuteDroneTrajectoryGoal.lisp, /home/usr/data/ExplOrbSLAM_working/devel/share/common-lisp/ros/hector_moveit_actions/msg/ExecuteDroneTrajectoryGoal.lisp)
Linked: (/home/usr/data/ExplOrbSLAM_working/devel/.private/hector_moveit_actions/share/common-lisp/ros/hector_moveit_actions/msg/ExecuteDroneTrajectoryActionResult.lisp, /home/usr/data/ExplOrbSLAM_working/devel/share/common-lisp/ros/hector_moveit_actions/msg/ExecuteDroneTrajectoryActionResult.lisp)
Linked: (/home/usr/data/ExplOrbSLAM_working/devel/.private/hector_moveit_actions/share/common-lisp/ros/hector_moveit_actions/msg/ExecuteDroneTrajectoryAction.lisp, /home/usr/data/ExplOrbSLAM_working/devel/share/common-lisp/ros/hector_moveit_actions/msg/ExecuteDroneTrajectoryAction.lisp)
Linked: (/home/usr/data/ExplOrbSLAM_working/devel/.private/hector_moveit_actions/share/gennodejs/ros/hector_moveit_actions/_index.js, /home/usr/data/ExplOrbSLAM_working/devel/share/gennodejs/ros/hector_moveit_actions/_index.js)
Linked: (/home/usr/data/ExplOrbSLAM_working/devel/.private/hector_moveit_actions/share/gennodejs/ros/hector_moveit_actions/msg/ExecuteDroneTrajectoryActionFeedback.js, /home/usr/data/ExplOrbSLAM_working/devel/share/gennodejs/ros/hector_moveit_actions/msg/ExecuteDroneTrajectoryActionFeedback.js)
Linked: (/home/usr/data/ExplOrbSLAM_working/devel/.private/hector_moveit_actions/share/gennodejs/ros/hector_moveit_actions/msg/ExecuteDroneTrajectoryActionResult.js, /home/usr/data/ExplOrbSLAM_working/devel/share/gennodejs/ros/hector_moveit_actions/msg/ExecuteDroneTrajectoryActionResult.js)
Linked: (/home/usr/data/ExplOrbSLAM_working/devel/.private/hector_moveit_actions/share/gennodejs/ros/hector_moveit_actions/msg/_index.js, /home/usr/data/ExplOrbSLAM_working/devel/share/gennodejs/ros/hector_moveit_actions/msg/_index.js)
Linked: (/home/usr/data/ExplOrbSLAM_working/devel/.private/hector_moveit_actions/share/gennodejs/ros/hector_moveit_actions/msg/ExecuteDroneTrajectoryFeedback.js, /home/usr/data/ExplOrbSLAM_working/devel/share/gennodejs/ros/hector_moveit_actions/msg/ExecuteDroneTrajectoryFeedback.js)
Linked: (/home/usr/data/ExplOrbSLAM_working/devel/.private/hector_moveit_actions/share/gennodejs/ros/hector_moveit_actions/msg/ExecuteDroneTrajectoryGoal.js, /home/usr/data/ExplOrbSLAM_working/devel/share/gennodejs/ros/hector_moveit_actions/msg/ExecuteDroneTrajectoryGoal.js)
Linked: (/home/usr/data/ExplOrbSLAM_working/devel/.private/hector_moveit_actions/share/gennodejs/ros/hector_moveit_actions/msg/ExecuteDroneTrajectoryActionGoal.js, /home/usr/data/ExplOrbSLAM_working/devel/share/gennodejs/ros/hector_moveit_actions/msg/ExecuteDroneTrajectoryActionGoal.js)
Linked: (/home/usr/data/ExplOrbSLAM_working/devel/.private/hector_moveit_actions/share/gennodejs/ros/hector_moveit_actions/msg/ExecuteDroneTrajectoryAction.js, /home/usr/data/ExplOrbSLAM_working/devel/share/gennodejs/ros/hector_moveit_actions/msg/ExecuteDroneTrajectoryAction.js)
Linked: (/home/usr/data/ExplOrbSLAM_working/devel/.private/hector_moveit_actions/share/gennodejs/ros/hector_moveit_actions/msg/ExecuteDroneTrajectoryResult.js, /home/usr/data/ExplOrbSLAM_working/devel/share/gennodejs/ros/hector_moveit_actions/msg/ExecuteDroneTrajectoryResult.js)
Linked: (/home/usr/data/ExplOrbSLAM_working/devel/.private/hector_moveit_actions/include/hector_moveit_actions/ExecuteDroneTrajectoryFeedback.h, /home/usr/data/ExplOrbSLAM_working/devel/include/hector_moveit_actions/ExecuteDroneTrajectoryFeedback.h)
Linked: (/home/usr/data/ExplOrbSLAM_working/devel/.private/hector_moveit_actions/include/hector_moveit_actions/ExecuteDroneTrajectoryActionFeedback.h, /home/usr/data/ExplOrbSLAM_working/devel/include/hector_moveit_actions/ExecuteDroneTrajectoryActionFeedback.h)
Linked: (/home/usr/data/ExplOrbSLAM_working/devel/.private/hector_moveit_actions/include/hector_moveit_actions/ExecuteDroneTrajectoryGoal.h, /home/usr/data/ExplOrbSLAM_working/devel/include/hector_moveit_actions/ExecuteDroneTrajectoryGoal.h)
Linked: (/home/usr/data/ExplOrbSLAM_working/devel/.private/hector_moveit_actions/include/hector_moveit_actions/ExecuteDroneTrajectoryResult.h, /home/usr/data/ExplOrbSLAM_working/devel/include/hector_moveit_actions/ExecuteDroneTrajectoryResult.h)
Linked: (/home/usr/data/ExplOrbSLAM_working/devel/.private/hector_moveit_actions/include/hector_moveit_actions/ExecuteDroneTrajectoryActionResult.h, /home/usr/data/ExplOrbSLAM_working/devel/include/hector_moveit_actions/ExecuteDroneTrajectoryActionResult.h)
Linked: (/home/usr/data/ExplOrbSLAM_working/devel/.private/hector_moveit_actions/include/hector_moveit_actions/ExecuteDroneTrajectoryActionGoal.h, /home/usr/data/ExplOrbSLAM_working/devel/include/hector_moveit_actions/ExecuteDroneTrajectoryActionGoal.h)
Linked: (/home/usr/data/ExplOrbSLAM_working/devel/.private/hector_moveit_actions/include/hector_moveit_actions/ExecuteDroneTrajectoryAction.h, /home/usr/data/ExplOrbSLAM_working/devel/include/hector_moveit_actions/ExecuteDroneTrajectoryAction.h)
Linked: (/home/usr/data/ExplOrbSLAM_working/devel/.private/hector_moveit_actions/lib/pkgconfig/hector_moveit_actions.pc, /home/usr/data/ExplOrbSLAM_working/devel/lib/pkgconfig/hector_moveit_actions.pc)
Linked: (/home/usr/data/ExplOrbSLAM_working/devel/.private/hector_moveit_actions/lib/hector_moveit_actions/trajectory_controller, /home/usr/data/ExplOrbSLAM_working/devel/lib/hector_moveit_actions/trajectory_controller)
Linked: (/home/usr/data/ExplOrbSLAM_working/devel/.private/hector_moveit_actions/lib/python3/dist-packages/hector_moveit_actions/__init__.py, /home/usr/data/ExplOrbSLAM_working/devel/lib/python3/dist-packages/hector_moveit_actions/__init__.py)
Linked: (/home/usr/data/ExplOrbSLAM_working/devel/.private/hector_moveit_actions/lib/python3/dist-packages/hector_moveit_actions/msg/_ExecuteDroneTrajectoryActionGoal.py, /home/usr/data/ExplOrbSLAM_working/devel/lib/python3/dist-packages/hector_moveit_actions/msg/_ExecuteDroneTrajectoryActionGoal.py)
Linked: (/home/usr/data/ExplOrbSLAM_working/devel/.private/hector_moveit_actions/lib/python3/dist-packages/hector_moveit_actions/msg/_ExecuteDroneTrajectoryActionResult.py, /home/usr/data/ExplOrbSLAM_working/devel/lib/python3/dist-packages/hector_moveit_actions/msg/_ExecuteDroneTrajectoryActionResult.py)
Linked: (/home/usr/data/ExplOrbSLAM_working/devel/.private/hector_moveit_actions/lib/python3/dist-packages/hector_moveit_actions/msg/_ExecuteDroneTrajectoryFeedback.py, /home/usr/data/ExplOrbSLAM_working/devel/lib/python3/dist-packages/hector_moveit_actions/msg/_ExecuteDroneTrajectoryFeedback.py)
Linked: (/home/usr/data/ExplOrbSLAM_working/devel/.private/hector_moveit_actions/lib/python3/dist-packages/hector_moveit_actions/msg/_ExecuteDroneTrajectoryAction.py, /home/usr/data/ExplOrbSLAM_working/devel/lib/python3/dist-packages/hector_moveit_actions/msg/_ExecuteDroneTrajectoryAction.py)
Linked: (/home/usr/data/ExplOrbSLAM_working/devel/.private/hector_moveit_actions/lib/python3/dist-packages/hector_moveit_actions/msg/_ExecuteDroneTrajectoryResult.py, /home/usr/data/ExplOrbSLAM_working/devel/lib/python3/dist-packages/hector_moveit_actions/msg/_ExecuteDroneTrajectoryResult.py)
Linked: (/home/usr/data/ExplOrbSLAM_working/devel/.private/hector_moveit_actions/lib/python3/dist-packages/hector_moveit_actions/msg/_ExecuteDroneTrajectoryActionFeedback.py, /home/usr/data/ExplOrbSLAM_working/devel/lib/python3/dist-packages/hector_moveit_actions/msg/_ExecuteDroneTrajectoryActionFeedback.py)
Linked: (/home/usr/data/ExplOrbSLAM_working/devel/.private/hector_moveit_actions/lib/python3/dist-packages/hector_moveit_actions/msg/__init__.py, /home/usr/data/ExplOrbSLAM_working/devel/lib/python3/dist-packages/hector_moveit_actions/msg/__init__.py)
Linked: (/home/usr/data/ExplOrbSLAM_working/devel/.private/hector_moveit_actions/lib/python3/dist-packages/hector_moveit_actions/msg/_ExecuteDroneTrajectoryGoal.py, /home/usr/data/ExplOrbSLAM_working/devel/lib/python3/dist-packages/hector_moveit_actions/msg/_ExecuteDroneTrajectoryGoal.py)
