Performing C SOURCE FILE Test CMAKE_HAVE_LIBC_PTHREAD failed with the following output:
Change Dir: /home/usr/data/ExplOrbSLAM_working/build/frontier_detector/CMakeFiles/CMakeTmp

Run Build Command(s):/usr/bin/make cmTC_f8307/fast && /usr/bin/make -f CMakeFiles/cmTC_f8307.dir/build.make CMakeFiles/cmTC_f8307.dir/build
make[1]: Entering directory '/home/usr/data/ExplOrbSLAM_working/build/frontier_detector/CMakeFiles/CMakeTmp'
Building C object CMakeFiles/cmTC_f8307.dir/src.c.o
/usr/lib/ccache/cc   -O3 -DCMAKE_HAVE_LIBC_PTHREAD   -o CMakeFiles/cmTC_f8307.dir/src.c.o   -c /home/usr/data/ExplOrbSLAM_working/build/frontier_detector/CMakeFiles/CMakeTmp/src.c
Linking C executable cmTC_f8307
/usr/bin/cmake -E cmake_link_script CMakeFiles/cmTC_f8307.dir/link.txt --verbose=1
/usr/lib/ccache/cc  -O3 -DCMAKE_HAVE_LIBC_PTHREAD    -rdynamic CMakeFiles/cmTC_f8307.dir/src.c.o  -o cmTC_f8307 
/usr/bin/ld: CMakeFiles/cmTC_f8307.dir/src.c.o: in function `main':
src.c:(.text.startup+0x29): undefined reference to `pthread_create'
/usr/bin/ld: src.c:(.text.startup+0x32): undefined reference to `pthread_detach'
/usr/bin/ld: src.c:(.text.startup+0x3d): undefined reference to `pthread_join'
collect2: error: ld returned 1 exit status
make[1]: *** [CMakeFiles/cmTC_f8307.dir/build.make:87: cmTC_f8307] Error 1
make[1]: Leaving directory '/home/usr/data/ExplOrbSLAM_working/build/frontier_detector/CMakeFiles/CMakeTmp'
make: *** [Makefile:121: cmTC_f8307/fast] Error 2


Source file was:
#include <pthread.h>

void* test_func(void* data)
{
  return data;
}

int main(void)
{
  pthread_t thread;
  pthread_create(&thread, NULL, test_func, NULL);
  pthread_detach(thread);
  pthread_join(thread, NULL);
  pthread_atfork(NULL, NULL, NULL);
  pthread_exit(NULL);

  return 0;
}

Determining if the function pthread_create exists in the pthreads failed with the following output:
Change Dir: /home/usr/data/ExplOrbSLAM_working/build/frontier_detector/CMakeFiles/CMakeTmp

Run Build Command(s):/usr/bin/make cmTC_ebef4/fast && /usr/bin/make -f CMakeFiles/cmTC_ebef4.dir/build.make CMakeFiles/cmTC_ebef4.dir/build
make[1]: Entering directory '/home/usr/data/ExplOrbSLAM_working/build/frontier_detector/CMakeFiles/CMakeTmp'
Building C object CMakeFiles/cmTC_ebef4.dir/CheckFunctionExists.c.o
/usr/lib/ccache/cc   -O3 -DCHECK_FUNCTION_EXISTS=pthread_create   -o CMakeFiles/cmTC_ebef4.dir/CheckFunctionExists.c.o   -c /usr/share/cmake-3.16/Modules/CheckFunctionExists.c
Linking C executable cmTC_ebef4
/usr/bin/cmake -E cmake_link_script CMakeFiles/cmTC_ebef4.dir/link.txt --verbose=1
/usr/lib/ccache/cc  -O3 -DCHECK_FUNCTION_EXISTS=pthread_create    -rdynamic CMakeFiles/cmTC_ebef4.dir/CheckFunctionExists.c.o  -o cmTC_ebef4  -lpthreads 
/usr/bin/ld: cannot find -lpthreads
collect2: error: ld returned 1 exit status
make[1]: *** [CMakeFiles/cmTC_ebef4.dir/build.make:87: cmTC_ebef4] Error 1
make[1]: Leaving directory '/home/usr/data/ExplOrbSLAM_working/build/frontier_detector/CMakeFiles/CMakeTmp'
make: *** [Makefile:121: cmTC_ebef4/fast] Error 2



