[  0%] Built target graph_d_exploration_gencfg
[  0%] Built target actionlib_msgs_generate_messages_nodejs
[  4%] Built target d_opt_local_rrt_detector
[  7%] Built target d_opt_global_rrt_detector
[  7%] Built target _graph_d_exploration_generate_messages_check_deps_ChooseGoalActionGoal
[  7%] Built target _graph_d_exploration_generate_messages_check_deps_ChooseGoalFeedback
[  7%] Built target _graph_d_exploration_generate_messages_check_deps_ChooseGoalResult
[  7%] Built target _graph_d_exploration_generate_messages_check_deps_ChooseGoalAction
[  7%] Built target _graph_d_exploration_generate_messages_check_deps_ChooseGoalActionFeedback
[  7%] Built target _graph_d_exploration_generate_messages_check_deps_MergePointsFeedback
[  7%] Built target std_msgs_generate_messages_nodejs
[  7%] Built target _graph_d_exploration_generate_messages_check_deps_MergePointsActionFeedback
[  7%] Built target _graph_d_exploration_generate_messages_check_deps_MergePointsGoal
[  7%] Built target geometry_msgs_generate_messages_nodejs
[  7%] Built target _graph_d_exploration_generate_messages_check_deps_MergePointsActionGoal
[  7%] Built target _graph_d_exploration_generate_messages_check_deps_MergePointsActionResult
[  7%] Built target _graph_d_exploration_generate_messages_check_deps_Point2D
[  7%] Built target _graph_d_exploration_generate_messages_check_deps_PointArray
[  7%] Built target _graph_d_exploration_generate_messages_check_deps_BoolArray
[  7%] Built target actionlib_msgs_generate_messages_lisp
[  7%] Built target _graph_d_exploration_generate_messages_check_deps_ChooseGoalGoal
[  7%] Built target _graph_d_exploration_generate_messages_check_deps_InfoMatrix
[  7%] Built target std_msgs_generate_messages_lisp
[  7%] Built target geometry_msgs_generate_messages_lisp
[  7%] Built target _graph_d_exploration_generate_messages_check_deps_MergePointsAction
[  7%] Built target geometry_msgs_generate_messages_py
[  7%] Built target actionlib_msgs_generate_messages_py
[  7%] Built target geometry_msgs_generate_messages_cpp
[  7%] Built target std_msgs_generate_messages_py
[  7%] Built target std_msgs_generate_messages_cpp
[  7%] Built target actionlib_msgs_generate_messages_cpp
[  7%] Built target actionlib_msgs_generate_messages_eus
[  7%] Built target std_msgs_generate_messages_eus
[  7%] Built target _graph_d_exploration_generate_messages_check_deps_ChooseGoalActionResult
[  7%] Built target geometry_msgs_generate_messages_eus
[  7%] Built target _graph_d_exploration_generate_messages_check_deps_MergePointsResult
[ 42%] Built target graph_d_exploration_generate_messages_nodejs
[ 43%] Built target graph_d_exploration_generate_messages_lisp
[ 80%] Built target graph_d_exploration_generate_messages_py
[ 81%] Built target graph_d_exploration_generate_messages_cpp
[100%] Built target graph_d_exploration_generate_messages_eus
[100%] Built target graph_d_exploration_generate_messages
