[  0%] Built target _graph_d_exploration_generate_messages_check_deps_ChooseGoalFeedback
[  0%] Built target _graph_d_exploration_generate_messages_check_deps_ChooseGoalActionGoal
[  0%] Built target graph_d_exploration_gencfg
[  0%] Built target _graph_d_exploration_generate_messages_check_deps_ChooseGoalAction
[  4%] Built target d_opt_local_rrt_detector
[  4%] Built target _graph_d_exploration_generate_messages_check_deps_ChooseGoalResult
[  4%] Built target actionlib_msgs_generate_messages_nodejs
[  4%] Built target _graph_d_exploration_generate_messages_check_deps_MergePointsFeedback
[  4%] Built target _graph_d_exploration_generate_messages_check_deps_ChooseGoalActionFeedback
[  5%] Built target _graph_d_exploration_generate_messages_check_deps_MergePointsActionFeedback
[  5%] Built target _graph_d_exploration_generate_messages_check_deps_MergePointsGoal
[  7%] Built target d_opt_global_rrt_detector
[  7%] Built target _graph_d_exploration_generate_messages_check_deps_MergePointsActionResult
[  7%] Built target std_msgs_generate_messages_nodejs
[  7%] Built target geometry_msgs_generate_messages_nodejs
[  7%] Built target _graph_d_exploration_generate_messages_check_deps_MergePointsActionGoal
[  7%] Built target _graph_d_exploration_generate_messages_check_deps_PointArray
[  7%] Built target _graph_d_exploration_generate_messages_check_deps_BoolArray
[  7%] Built target _graph_d_exploration_generate_messages_check_deps_Point2D
[  7%] Built target _graph_d_exploration_generate_messages_check_deps_InfoMatrix
[  7%] Built target _graph_d_exploration_generate_messages_check_deps_ChooseGoalGoal
[  7%] Built target actionlib_msgs_generate_messages_lisp
[  7%] Built target actionlib_msgs_generate_messages_py
[  7%] Built target _graph_d_exploration_generate_messages_check_deps_MergePointsAction
[  7%] Built target std_msgs_generate_messages_py
[  7%] Built target _graph_d_exploration_generate_messages_check_deps_ChooseGoalActionResult
[  7%] Built target geometry_msgs_generate_messages_py
[  7%] Built target _graph_d_exploration_generate_messages_check_deps_MergePointsResult
[  7%] Built target std_msgs_generate_messages_lisp
[  7%] Built target geometry_msgs_generate_messages_lisp
[  7%] Built target geometry_msgs_generate_messages_cpp
[  7%] Built target std_msgs_generate_messages_cpp
[  7%] Built target actionlib_msgs_generate_messages_cpp
[  7%] Built target actionlib_msgs_generate_messages_eus
[  7%] Built target std_msgs_generate_messages_eus
[ 13%] Built target geometry_msgs_generate_messages_eus
[ 59%] Built target graph_d_exploration_generate_messages_cpp
[ 59%] Built target graph_d_exploration_generate_messages_py
[ 63%] Built target graph_d_exploration_generate_messages_nodejs
[ 81%] Built target graph_d_exploration_generate_messages_lisp
[100%] Built target graph_d_exploration_generate_messages_eus
[100%] Built target graph_d_exploration_generate_messages
