[  1%] Built target orb_slam2_ros_gencfg
[  1%] Built target std_msgs_generate_messages_lisp
[  9%] Built target DBoW2
[  9%] Built target std_msgs_generate_messages_py
[  9%] Built target std_msgs_generate_messages_nodejs
[  9%] Built target std_msgs_generate_messages_eus
[  9%] Built target std_msgs_generate_messages_cpp
[ 46%] Built target g2o
[ 46%] Built target _orb_slam2_ros_generate_messages_check_deps_ORBState
[ 46%] Built target _orb_slam2_ros_generate_messages_check_deps_SaveMap
[ 49%] Built target orb_slam2_ros_generate_messages_lisp
[ 58%] Built target orb_slam2_ros_generate_messages_nodejs
[ 59%] Built target orb_slam2_ros_generate_messages_eus
[ 62%] Built target orb_slam2_ros_generate_messages_cpp
[ 62%] Built target orb_slam2_ros_generate_messages_py
[ 62%] Built target orb_slam2_ros_generate_messages
[ 88%] Built target orb_slam2_ros
[ 93%] Built target orb_slam2_ros_mono
[ 96%] Built target orb_slam2_ros_rgbd
[100%] Built target orb_slam2_ros_stereo
