[  1%] Built target orb_slam2_ros_gencfg
[  1%] Built target std_msgs_generate_messages_lisp
[  1%] Built target std_msgs_generate_messages_py
[  1%] Built target std_msgs_generate_messages_cpp
[  1%] Built target std_msgs_generate_messages_nodejs
[  1%] Built target std_msgs_generate_messages_eus
[  9%] Built target DBoW2
[ 46%] Built target g2o
[ 46%] Built target _orb_slam2_ros_generate_messages_check_deps_SaveMap
[ 46%] Built target _orb_slam2_ros_generate_messages_check_deps_ORBState
[ 54%] Built target orb_slam2_ros_generate_messages_lisp
[ 58%] Built target orb_slam2_ros_generate_messages_nodejs
[ 59%] Built target orb_slam2_ros_generate_messages_cpp
[ 58%] Built target orb_slam2_ros_generate_messages_py
[ 62%] Built target orb_slam2_ros_generate_messages_eus
[ 62%] Built target orb_slam2_ros_generate_messages
[ 88%] Built target orb_slam2_ros
[ 92%] Built target orb_slam2_ros_stereo
[ 98%] Built target orb_slam2_ros_mono
[100%] Built target orb_slam2_ros_rgbd
