[  1%] Built target orb_slam2_ros_gencfg
[  1%] Built target std_msgs_generate_messages_py
[  1%] Built target std_msgs_generate_messages_cpp
[  9%] Built target DBoW2
[  9%] Built target std_msgs_generate_messages_nodejs
[  9%] Built target std_msgs_generate_messages_lisp
[  9%] Built target std_msgs_generate_messages_eus
[ 46%] Built target g2o
[ 46%] Built target _orb_slam2_ros_generate_messages_check_deps_ORBState
[ 46%] Built target _orb_slam2_ros_generate_messages_check_deps_SaveMap
[ 56%] Built target orb_slam2_ros_generate_messages_nodejs
[ 56%] Built target orb_slam2_ros_generate_messages_lisp
[ 56%] Built target orb_slam2_ros_generate_messages_py
[ 60%] Built target orb_slam2_ros_generate_messages_eus
[ 62%] Built target orb_slam2_ros_generate_messages_cpp
[ 62%] Built target orb_slam2_ros_generate_messages
[ 88%] Built target orb_slam2_ros
[ 92%] Built target orb_slam2_ros_rgbd
[ 96%] Built target orb_slam2_ros_stereo
[100%] Built target orb_slam2_ros_mono
