[  0%] Built target std_msgs_generate_messages_lisp
[ 37%] Built target g2o
[ 38%] Built target orb_slam2_ros_gencfg
[ 38%] Built target std_msgs_generate_messages_eus
[ 38%] Built target std_msgs_generate_messages_cpp
[ 38%] Built target _orb_slam2_ros_generate_messages_check_deps_SaveMap
[ 38%] Built target std_msgs_generate_messages_nodejs
[ 38%] Built target std_msgs_generate_messages_py
[ 46%] Built target DBoW2
[ 46%] Built target _orb_slam2_ros_generate_messages_check_deps_ORBState
[ 49%] Built target orb_slam2_ros_generate_messages_nodejs
[ 51%] Built target orb_slam2_ros_generate_messages_lisp
[ 77%] Built target orb_slam2_ros
[ 82%] Built target orb_slam2_ros_generate_messages_py
[ 86%] Built target orb_slam2_ros_mono
[ 90%] Built target orb_slam2_ros_generate_messages_eus
[ 92%] Built target orb_slam2_ros_generate_messages_cpp
[ 96%] Built target orb_slam2_ros_stereo
[ 96%] Built target orb_slam2_ros_generate_messages
[100%] Built target orb_slam2_ros_rgbd
