Performing C SOURCE FILE Test CMAKE_HAVE_LIBC_PTHREAD failed with the following output:
Change Dir: /home/usr/data/ExplOrbSLAM_working/src/src/3dParty/orb_slam_2_ros/build/CMakeFiles/CMakeTmp

Run Build Command(s):/usr/bin/ninja cmTC_7857c && [1/2] Building C object CMakeFiles/cmTC_7857c.dir/src.c.o
[2/2] Linking C executable cmTC_7857c
FAILED: cmTC_7857c 
: && /usr/bin/cc -O3 -DCMAKE_HAVE_LIBC_PTHREAD  -rdynamic CMakeFiles/cmTC_7857c.dir/src.c.o  -o cmTC_7857c   && :
/usr/bin/ld: CMakeFiles/cmTC_7857c.dir/src.c.o: in function `main':
src.c:(.text.startup+0x29): undefined reference to `pthread_create'
/usr/bin/ld: src.c:(.text.startup+0x32): undefined reference to `pthread_detach'
/usr/bin/ld: src.c:(.text.startup+0x3d): undefined reference to `pthread_join'
collect2: error: ld returned 1 exit status
ninja: build stopped: subcommand failed.


Source file was:
#include <pthread.h>

void* test_func(void* data)
{
  return data;
}

int main(void)
{
  pthread_t thread;
  pthread_create(&thread, NULL, test_func, NULL);
  pthread_detach(thread);
  pthread_join(thread, NULL);
  pthread_atfork(NULL, NULL, NULL);
  pthread_exit(NULL);

  return 0;
}

Determining if the function pthread_create exists in the pthreads failed with the following output:
Change Dir: /home/usr/data/ExplOrbSLAM_working/src/src/3dParty/orb_slam_2_ros/build/CMakeFiles/CMakeTmp

Run Build Command(s):/usr/bin/ninja cmTC_af0a5 && [1/2] Building C object CMakeFiles/cmTC_af0a5.dir/CheckFunctionExists.c.o
[2/2] Linking C executable cmTC_af0a5
FAILED: cmTC_af0a5 
: && /usr/bin/cc -O3 -DCHECK_FUNCTION_EXISTS=pthread_create  -rdynamic CMakeFiles/cmTC_af0a5.dir/CheckFunctionExists.c.o  -o cmTC_af0a5  -lpthreads && :
/usr/bin/ld: cannot find -lpthreads
collect2: error: ld returned 1 exit status
ninja: build stopped: subcommand failed.



