Linked: (/home/usr/data/ExplOrbSLAM_working/devel/.private/ccmslam_msgs/share/ccmslam_msgs/cmake/ccmslam_msgs-msg-extras.cmake, /home/usr/data/ExplOrbSLAM_working/devel/share/ccmslam_msgs/cmake/ccmslam_msgs-msg-extras.cmake)
Linked: (/home/usr/data/ExplOrbSLAM_working/devel/.private/ccmslam_msgs/share/ccmslam_msgs/cmake/ccmslam_msgs-msg-paths.cmake, /home/usr/data/ExplOrbSLAM_working/devel/share/ccmslam_msgs/cmake/ccmslam_msgs-msg-paths.cmake)
Linked: (/home/usr/data/ExplOrbSLAM_working/devel/.private/ccmslam_msgs/share/ccmslam_msgs/cmake/ccmslam_msgsConfig.cmake, /home/usr/data/ExplOrbSLAM_working/devel/share/ccmslam_msgs/cmake/ccmslam_msgsConfig.cmake)
Linked: (/home/usr/data/ExplOrbSLAM_working/devel/.private/ccmslam_msgs/share/ccmslam_msgs/cmake/ccmslam_msgsConfig-version.cmake, /home/usr/data/ExplOrbSLAM_working/devel/share/ccmslam_msgs/cmake/ccmslam_msgsConfig-version.cmake)
Linked: (/home/usr/data/ExplOrbSLAM_working/devel/.private/ccmslam_msgs/share/roseus/ros/ccmslam_msgs/manifest.l, /home/usr/data/ExplOrbSLAM_working/devel/share/roseus/ros/ccmslam_msgs/manifest.l)
Linked: (/home/usr/data/ExplOrbSLAM_working/devel/.private/ccmslam_msgs/share/roseus/ros/ccmslam_msgs/msg/MPred.l, /home/usr/data/ExplOrbSLAM_working/devel/share/roseus/ros/ccmslam_msgs/msg/MPred.l)
Linked: (/home/usr/data/ExplOrbSLAM_working/devel/.private/ccmslam_msgs/share/roseus/ros/ccmslam_msgs/msg/KFred.l, /home/usr/data/ExplOrbSLAM_working/devel/share/roseus/ros/ccmslam_msgs/msg/KFred.l)
Linked: (/home/usr/data/ExplOrbSLAM_working/devel/.private/ccmslam_msgs/share/roseus/ros/ccmslam_msgs/msg/UIntVec.l, /home/usr/data/ExplOrbSLAM_working/devel/share/roseus/ros/ccmslam_msgs/msg/UIntVec.l)
Linked: (/home/usr/data/ExplOrbSLAM_working/devel/.private/ccmslam_msgs/share/roseus/ros/ccmslam_msgs/msg/Descriptor.l, /home/usr/data/ExplOrbSLAM_working/devel/share/roseus/ros/ccmslam_msgs/msg/Descriptor.l)
Linked: (/home/usr/data/ExplOrbSLAM_working/devel/.private/ccmslam_msgs/share/roseus/ros/ccmslam_msgs/msg/Map.l, /home/usr/data/ExplOrbSLAM_working/devel/share/roseus/ros/ccmslam_msgs/msg/Map.l)
Linked: (/home/usr/data/ExplOrbSLAM_working/devel/.private/ccmslam_msgs/share/roseus/ros/ccmslam_msgs/msg/CvKeyPoint.l, /home/usr/data/ExplOrbSLAM_working/devel/share/roseus/ros/ccmslam_msgs/msg/CvKeyPoint.l)
Linked: (/home/usr/data/ExplOrbSLAM_working/devel/.private/ccmslam_msgs/share/roseus/ros/ccmslam_msgs/msg/KF.l, /home/usr/data/ExplOrbSLAM_working/devel/share/roseus/ros/ccmslam_msgs/msg/KF.l)
Linked: (/home/usr/data/ExplOrbSLAM_working/devel/.private/ccmslam_msgs/share/roseus/ros/ccmslam_msgs/msg/MP.l, /home/usr/data/ExplOrbSLAM_working/devel/share/roseus/ros/ccmslam_msgs/msg/MP.l)
Linked: (/home/usr/data/ExplOrbSLAM_working/devel/.private/ccmslam_msgs/share/common-lisp/ros/ccmslam_msgs/msg/KF.lisp, /home/usr/data/ExplOrbSLAM_working/devel/share/common-lisp/ros/ccmslam_msgs/msg/KF.lisp)
Linked: (/home/usr/data/ExplOrbSLAM_working/devel/.private/ccmslam_msgs/share/common-lisp/ros/ccmslam_msgs/msg/MP.lisp, /home/usr/data/ExplOrbSLAM_working/devel/share/common-lisp/ros/ccmslam_msgs/msg/MP.lisp)
Linked: (/home/usr/data/ExplOrbSLAM_working/devel/.private/ccmslam_msgs/share/common-lisp/ros/ccmslam_msgs/msg/CvKeyPoint.lisp, /home/usr/data/ExplOrbSLAM_working/devel/share/common-lisp/ros/ccmslam_msgs/msg/CvKeyPoint.lisp)
Linked: (/home/usr/data/ExplOrbSLAM_working/devel/.private/ccmslam_msgs/share/common-lisp/ros/ccmslam_msgs/msg/Descriptor.lisp, /home/usr/data/ExplOrbSLAM_working/devel/share/common-lisp/ros/ccmslam_msgs/msg/Descriptor.lisp)
Linked: (/home/usr/data/ExplOrbSLAM_working/devel/.private/ccmslam_msgs/share/common-lisp/ros/ccmslam_msgs/msg/MPred.lisp, /home/usr/data/ExplOrbSLAM_working/devel/share/common-lisp/ros/ccmslam_msgs/msg/MPred.lisp)
Linked: (/home/usr/data/ExplOrbSLAM_working/devel/.private/ccmslam_msgs/share/common-lisp/ros/ccmslam_msgs/msg/ccmslam_msgs-msg.asd, /home/usr/data/ExplOrbSLAM_working/devel/share/common-lisp/ros/ccmslam_msgs/msg/ccmslam_msgs-msg.asd)
Linked: (/home/usr/data/ExplOrbSLAM_working/devel/.private/ccmslam_msgs/share/common-lisp/ros/ccmslam_msgs/msg/_package_CvKeyPoint.lisp, /home/usr/data/ExplOrbSLAM_working/devel/share/common-lisp/ros/ccmslam_msgs/msg/_package_CvKeyPoint.lisp)
Linked: (/home/usr/data/ExplOrbSLAM_working/devel/.private/ccmslam_msgs/share/common-lisp/ros/ccmslam_msgs/msg/_package_Map.lisp, /home/usr/data/ExplOrbSLAM_working/devel/share/common-lisp/ros/ccmslam_msgs/msg/_package_Map.lisp)
Linked: (/home/usr/data/ExplOrbSLAM_working/devel/.private/ccmslam_msgs/share/common-lisp/ros/ccmslam_msgs/msg/_package_MP.lisp, /home/usr/data/ExplOrbSLAM_working/devel/share/common-lisp/ros/ccmslam_msgs/msg/_package_MP.lisp)
Linked: (/home/usr/data/ExplOrbSLAM_working/devel/.private/ccmslam_msgs/share/common-lisp/ros/ccmslam_msgs/msg/_package_MPred.lisp, /home/usr/data/ExplOrbSLAM_working/devel/share/common-lisp/ros/ccmslam_msgs/msg/_package_MPred.lisp)
Linked: (/home/usr/data/ExplOrbSLAM_working/devel/.private/ccmslam_msgs/share/common-lisp/ros/ccmslam_msgs/msg/_package.lisp, /home/usr/data/ExplOrbSLAM_working/devel/share/common-lisp/ros/ccmslam_msgs/msg/_package.lisp)
Linked: (/home/usr/data/ExplOrbSLAM_working/devel/.private/ccmslam_msgs/share/common-lisp/ros/ccmslam_msgs/msg/Map.lisp, /home/usr/data/ExplOrbSLAM_working/devel/share/common-lisp/ros/ccmslam_msgs/msg/Map.lisp)
Linked: (/home/usr/data/ExplOrbSLAM_working/devel/.private/ccmslam_msgs/share/common-lisp/ros/ccmslam_msgs/msg/KFred.lisp, /home/usr/data/ExplOrbSLAM_working/devel/share/common-lisp/ros/ccmslam_msgs/msg/KFred.lisp)
Linked: (/home/usr/data/ExplOrbSLAM_working/devel/.private/ccmslam_msgs/share/common-lisp/ros/ccmslam_msgs/msg/_package_KFred.lisp, /home/usr/data/ExplOrbSLAM_working/devel/share/common-lisp/ros/ccmslam_msgs/msg/_package_KFred.lisp)
Linked: (/home/usr/data/ExplOrbSLAM_working/devel/.private/ccmslam_msgs/share/common-lisp/ros/ccmslam_msgs/msg/_package_Descriptor.lisp, /home/usr/data/ExplOrbSLAM_working/devel/share/common-lisp/ros/ccmslam_msgs/msg/_package_Descriptor.lisp)
Linked: (/home/usr/data/ExplOrbSLAM_working/devel/.private/ccmslam_msgs/share/common-lisp/ros/ccmslam_msgs/msg/_package_UIntVec.lisp, /home/usr/data/ExplOrbSLAM_working/devel/share/common-lisp/ros/ccmslam_msgs/msg/_package_UIntVec.lisp)
Linked: (/home/usr/data/ExplOrbSLAM_working/devel/.private/ccmslam_msgs/share/common-lisp/ros/ccmslam_msgs/msg/UIntVec.lisp, /home/usr/data/ExplOrbSLAM_working/devel/share/common-lisp/ros/ccmslam_msgs/msg/UIntVec.lisp)
Linked: (/home/usr/data/ExplOrbSLAM_working/devel/.private/ccmslam_msgs/share/common-lisp/ros/ccmslam_msgs/msg/_package_KF.lisp, /home/usr/data/ExplOrbSLAM_working/devel/share/common-lisp/ros/ccmslam_msgs/msg/_package_KF.lisp)
Linked: (/home/usr/data/ExplOrbSLAM_working/devel/.private/ccmslam_msgs/share/gennodejs/ros/ccmslam_msgs/_index.js, /home/usr/data/ExplOrbSLAM_working/devel/share/gennodejs/ros/ccmslam_msgs/_index.js)
Linked: (/home/usr/data/ExplOrbSLAM_working/devel/.private/ccmslam_msgs/share/gennodejs/ros/ccmslam_msgs/msg/UIntVec.js, /home/usr/data/ExplOrbSLAM_working/devel/share/gennodejs/ros/ccmslam_msgs/msg/UIntVec.js)
Linked: (/home/usr/data/ExplOrbSLAM_working/devel/.private/ccmslam_msgs/share/gennodejs/ros/ccmslam_msgs/msg/_index.js, /home/usr/data/ExplOrbSLAM_working/devel/share/gennodejs/ros/ccmslam_msgs/msg/_index.js)
Linked: (/home/usr/data/ExplOrbSLAM_working/devel/.private/ccmslam_msgs/share/gennodejs/ros/ccmslam_msgs/msg/MP.js, /home/usr/data/ExplOrbSLAM_working/devel/share/gennodejs/ros/ccmslam_msgs/msg/MP.js)
Linked: (/home/usr/data/ExplOrbSLAM_working/devel/.private/ccmslam_msgs/share/gennodejs/ros/ccmslam_msgs/msg/CvKeyPoint.js, /home/usr/data/ExplOrbSLAM_working/devel/share/gennodejs/ros/ccmslam_msgs/msg/CvKeyPoint.js)
Linked: (/home/usr/data/ExplOrbSLAM_working/devel/.private/ccmslam_msgs/share/gennodejs/ros/ccmslam_msgs/msg/KFred.js, /home/usr/data/ExplOrbSLAM_working/devel/share/gennodejs/ros/ccmslam_msgs/msg/KFred.js)
Linked: (/home/usr/data/ExplOrbSLAM_working/devel/.private/ccmslam_msgs/share/gennodejs/ros/ccmslam_msgs/msg/Descriptor.js, /home/usr/data/ExplOrbSLAM_working/devel/share/gennodejs/ros/ccmslam_msgs/msg/Descriptor.js)
Linked: (/home/usr/data/ExplOrbSLAM_working/devel/.private/ccmslam_msgs/share/gennodejs/ros/ccmslam_msgs/msg/Map.js, /home/usr/data/ExplOrbSLAM_working/devel/share/gennodejs/ros/ccmslam_msgs/msg/Map.js)
Linked: (/home/usr/data/ExplOrbSLAM_working/devel/.private/ccmslam_msgs/share/gennodejs/ros/ccmslam_msgs/msg/KF.js, /home/usr/data/ExplOrbSLAM_working/devel/share/gennodejs/ros/ccmslam_msgs/msg/KF.js)
Linked: (/home/usr/data/ExplOrbSLAM_working/devel/.private/ccmslam_msgs/share/gennodejs/ros/ccmslam_msgs/msg/MPred.js, /home/usr/data/ExplOrbSLAM_working/devel/share/gennodejs/ros/ccmslam_msgs/msg/MPred.js)
Linked: (/home/usr/data/ExplOrbSLAM_working/devel/.private/ccmslam_msgs/include/ccmslam_msgs/Map.h, /home/usr/data/ExplOrbSLAM_working/devel/include/ccmslam_msgs/Map.h)
Linked: (/home/usr/data/ExplOrbSLAM_working/devel/.private/ccmslam_msgs/include/ccmslam_msgs/Descriptor.h, /home/usr/data/ExplOrbSLAM_working/devel/include/ccmslam_msgs/Descriptor.h)
Linked: (/home/usr/data/ExplOrbSLAM_working/devel/.private/ccmslam_msgs/include/ccmslam_msgs/KF.h, /home/usr/data/ExplOrbSLAM_working/devel/include/ccmslam_msgs/KF.h)
Linked: (/home/usr/data/ExplOrbSLAM_working/devel/.private/ccmslam_msgs/include/ccmslam_msgs/KFred.h, /home/usr/data/ExplOrbSLAM_working/devel/include/ccmslam_msgs/KFred.h)
Linked: (/home/usr/data/ExplOrbSLAM_working/devel/.private/ccmslam_msgs/include/ccmslam_msgs/UIntVec.h, /home/usr/data/ExplOrbSLAM_working/devel/include/ccmslam_msgs/UIntVec.h)
Linked: (/home/usr/data/ExplOrbSLAM_working/devel/.private/ccmslam_msgs/include/ccmslam_msgs/MPred.h, /home/usr/data/ExplOrbSLAM_working/devel/include/ccmslam_msgs/MPred.h)
Linked: (/home/usr/data/ExplOrbSLAM_working/devel/.private/ccmslam_msgs/include/ccmslam_msgs/MP.h, /home/usr/data/ExplOrbSLAM_working/devel/include/ccmslam_msgs/MP.h)
Linked: (/home/usr/data/ExplOrbSLAM_working/devel/.private/ccmslam_msgs/include/ccmslam_msgs/CvKeyPoint.h, /home/usr/data/ExplOrbSLAM_working/devel/include/ccmslam_msgs/CvKeyPoint.h)
Linked: (/home/usr/data/ExplOrbSLAM_working/devel/.private/ccmslam_msgs/lib/pkgconfig/ccmslam_msgs.pc, /home/usr/data/ExplOrbSLAM_working/devel/lib/pkgconfig/ccmslam_msgs.pc)
Linked: (/home/usr/data/ExplOrbSLAM_working/devel/.private/ccmslam_msgs/lib/python3/dist-packages/ccmslam_msgs/__init__.py, /home/usr/data/ExplOrbSLAM_working/devel/lib/python3/dist-packages/ccmslam_msgs/__init__.py)
Linked: (/home/usr/data/ExplOrbSLAM_working/devel/.private/ccmslam_msgs/lib/python3/dist-packages/ccmslam_msgs/msg/_UIntVec.py, /home/usr/data/ExplOrbSLAM_working/devel/lib/python3/dist-packages/ccmslam_msgs/msg/_UIntVec.py)
Linked: (/home/usr/data/ExplOrbSLAM_working/devel/.private/ccmslam_msgs/lib/python3/dist-packages/ccmslam_msgs/msg/_CvKeyPoint.py, /home/usr/data/ExplOrbSLAM_working/devel/lib/python3/dist-packages/ccmslam_msgs/msg/_CvKeyPoint.py)
Linked: (/home/usr/data/ExplOrbSLAM_working/devel/.private/ccmslam_msgs/lib/python3/dist-packages/ccmslam_msgs/msg/_KF.py, /home/usr/data/ExplOrbSLAM_working/devel/lib/python3/dist-packages/ccmslam_msgs/msg/_KF.py)
Linked: (/home/usr/data/ExplOrbSLAM_working/devel/.private/ccmslam_msgs/lib/python3/dist-packages/ccmslam_msgs/msg/_Descriptor.py, /home/usr/data/ExplOrbSLAM_working/devel/lib/python3/dist-packages/ccmslam_msgs/msg/_Descriptor.py)
Linked: (/home/usr/data/ExplOrbSLAM_working/devel/.private/ccmslam_msgs/lib/python3/dist-packages/ccmslam_msgs/msg/_MP.py, /home/usr/data/ExplOrbSLAM_working/devel/lib/python3/dist-packages/ccmslam_msgs/msg/_MP.py)
Linked: (/home/usr/data/ExplOrbSLAM_working/devel/.private/ccmslam_msgs/lib/python3/dist-packages/ccmslam_msgs/msg/__init__.py, /home/usr/data/ExplOrbSLAM_working/devel/lib/python3/dist-packages/ccmslam_msgs/msg/__init__.py)
Linked: (/home/usr/data/ExplOrbSLAM_working/devel/.private/ccmslam_msgs/lib/python3/dist-packages/ccmslam_msgs/msg/_KFred.py, /home/usr/data/ExplOrbSLAM_working/devel/lib/python3/dist-packages/ccmslam_msgs/msg/_KFred.py)
Linked: (/home/usr/data/ExplOrbSLAM_working/devel/.private/ccmslam_msgs/lib/python3/dist-packages/ccmslam_msgs/msg/_Map.py, /home/usr/data/ExplOrbSLAM_working/devel/lib/python3/dist-packages/ccmslam_msgs/msg/_Map.py)
Linked: (/home/usr/data/ExplOrbSLAM_working/devel/.private/ccmslam_msgs/lib/python3/dist-packages/ccmslam_msgs/msg/_MPred.py, /home/usr/data/ExplOrbSLAM_working/devel/lib/python3/dist-packages/ccmslam_msgs/msg/_MPred.py)
